get frag
final fromTime: 18:00
adding to xdz
adding to ctq
final fromTime: 
adding to xdz
adding to ctq
adding to xdz
adding to ctq
final fromTime: 
adding to xdz
adding to ctq
adding to xdz
adding to ctq
adding to xdz
get frag
adding to xdz
adding to ctq
adding to xdz
adding to ctq
adding to xdz
get frag
adding to xdz
adding to ctq
adding to xdz
adding to ctq
adding to xdz
final fromTime: 
adding to xdz
adding to ctq
adding to xdz
adding to ctq
adding to xdz
adding to ctq
get frag
adding to xdz
adding to ctq
adding to xdz
adding to ctq
adding to xdz
adding to ctq
get frag
adding to xdz
adding to ctq
adding to xdz
adding to ctq
adding to xdz
adding to ctq
final fromTime: 
adding to xdz
adding to ctq
adding to xdz
adding to ctq
adding to xdz
adding to ctq
adding to xdz
adding to ctq
final fromTime: 
adding to xdz
adding to ctq
adding to xdz
adding to ctq
adding to xdz
adding to ctq
adding to xdz
adding to ctq
adding to xdz
adding to ctq
get frag
adding to xdz
adding to ctq
adding to xdz
adding to ctq
adding to xdz
adding to ctq
adding to xdz
adding to ctq
adding to xdz
adding to ctq
get frag
adding to xdz
adding to ctq
adding to xdz
adding to ctq
adding to xdz
adding to ctq
adding to xdz
adding to ctq
adding to xdz
adding to ctq
get frag
adding to xdz
adding to ctq
adding to xdz
adding to ctq
adding to xdz
adding to ctq
adding to xdz
adding to ctq
adding to xdz
adding to ctq
get frag
adding to xdz
adding to ctq
adding to xdz
adding to ctq
adding to xdz
adding to ctq
adding to xdz
adding to ctq
adding to xdz
adding to ctq
adding to xdz
adding to ctq
adding to xdz
adding to ctq
adding to xdz
adding to ctq
adding to xdz
adding to ctq
adding to xdz
adding to ctq
adding to xdz
adding to ctq
adding to xdz
adding to ctq
adding to xdz
adding to ctq
adding to xdz
adding to ctq
adding to xdz
adding to ctq
get frag
adding to xdz
adding to ctq
adding to xdz
adding to ctq
adding to xdz
adding to ctq
adding to xdz
adding to ctq
adding to xdz
adding to ctq
get frag
adding to xdz
adding to ctq
adding to xdz
adding to ctq
adding to xdz
adding to ctq
adding to xdz
adding to ctq
adding to xdz
adding to ctq
